<?xml version="1.0" encoding="UTF-8"?>
<testsuites name="jest tests" tests="7" failures="0" errors="0" time="5.98">
  <testsuite name="undefined" errors="0" failures="0" skipped="0" timestamp="2021-10-07T14:10:48" time="3.784" tests="1">
    <testcase classname=" renders Home page" name=" renders Home page" time="0.024">
    </testcase>
  </testsuite>
  <testsuite name="undefined" errors="0" failures="0" skipped="0" timestamp="2021-10-07T14:10:48" time="3.835" tests="1">
    <testcase classname=" renders bikes page" name=" renders bikes page" time="0.029">
    </testcase>
  </testsuite>
  <testsuite name="undefined" errors="0" failures="0" skipped="0" timestamp="2021-10-07T14:10:48" time="3.903" tests="4">
    <testcase classname=" renders home link" name=" renders home link" time="0.039">
    </testcase>
    <testcase classname=" renders topnav middle spacer" name=" renders topnav middle spacer" time="0.011">
    </testcase>
    <testcase classname=" renders resume link" name=" renders resume link" time="0.01">
    </testcase>
    <testcase classname=" renders bikes link" name=" renders bikes link" time="0.009">
    </testcase>
  </testsuite>
  <testsuite name="undefined" errors="0" failures="0" skipped="0" timestamp="2021-10-07T14:10:48" time="3.935" tests="1">
    <testcase classname=" renders topnav separation hr" name=" renders topnav separation hr" time="0.039">
    </testcase>
  </testsuite>
</testsuites>